This is pdfTeX, Version 3.14159265-2.6-1.40.16 (TeX Live 2015) (preloaded format=pdflatex 2015.5.24)  18 MAR 2016 22:17
entering extended mode
 restricted \write18 enabled.
 file:line:error style messages enabled.
 %&-line parsing enabled.
**document.tex
(./document.tex
LaTeX2e <2015/01/01>
Babel <3.9l> and hyphenation patterns for 79 languages loaded.
(/usr/local/texlive/2015/texmf-dist/tex/latex/base/article.cls
Document Class: article 2014/09/29 v1.4h Standard LaTeX document class
(/usr/local/texlive/2015/texmf-dist/tex/latex/base/size12.clo
File: size12.clo 2014/09/29 v1.4h Standard LaTeX file (size option)
)
\c@part=\count79
\c@section=\count80
\c@subsection=\count81
\c@subsubsection=\count82
\c@paragraph=\count83
\c@subparagraph=\count84
\c@figure=\count85
\c@table=\count86
\abovecaptionskip=\skip41
\belowcaptionskip=\skip42
\bibindent=\dimen102
)
(/usr/local/texlive/2015/texmf-dist/tex/latex/geometry/geometry.sty
Package: geometry 2010/09/12 v5.6 Page Geometry

(/usr/local/texlive/2015/texmf-dist/tex/latex/graphics/keyval.sty
Package: keyval 2014/10/28 v1.15 key=value parser (DPC)
\KV@toks@=\toks14
)
(/usr/local/texlive/2015/texmf-dist/tex/generic/oberdiek/ifpdf.sty
Package: ifpdf 2011/01/30 v2.3 Provides the ifpdf switch (HO)
Package ifpdf Info: pdfTeX in PDF mode is detected.
)
(/usr/local/texlive/2015/texmf-dist/tex/generic/oberdiek/ifvtex.sty
Package: ifvtex 2010/03/01 v1.5 Detect VTeX and its facilities (HO)
Package ifvtex Info: VTeX not detected.
)
(/usr/local/texlive/2015/texmf-dist/tex/generic/ifxetex/ifxetex.sty
Package: ifxetex 2010/09/12 v0.6 Provides ifxetex conditional
)
\Gm@cnth=\count87
\Gm@cntv=\count88
\c@Gm@tempcnt=\count89
\Gm@bindingoffset=\dimen103
\Gm@wd@mp=\dimen104
\Gm@odd@mp=\dimen105
\Gm@even@mp=\dimen106
\Gm@layoutwidth=\dimen107
\Gm@layoutheight=\dimen108
\Gm@layouthoffset=\dimen109
\Gm@layoutvoffset=\dimen110
\Gm@dimlist=\toks15
)
(/usr/local/texlive/2015/texmf-dist/tex/latex/amsmath/amsmath.sty
Package: amsmath 2013/01/14 v2.14 AMS math features
\@mathmargin=\skip43

For additional information on amsmath, use the `?' option.
(/usr/local/texlive/2015/texmf-dist/tex/latex/amsmath/amstext.sty
Package: amstext 2000/06/29 v2.01

(/usr/local/texlive/2015/texmf-dist/tex/latex/amsmath/amsgen.sty
File: amsgen.sty 1999/11/30 v2.0
\@emptytoks=\toks16
\ex@=\dimen111
))
(/usr/local/texlive/2015/texmf-dist/tex/latex/amsmath/amsbsy.sty
Package: amsbsy 1999/11/29 v1.2d
\pmbraise@=\dimen112
)
(/usr/local/texlive/2015/texmf-dist/tex/latex/amsmath/amsopn.sty
Package: amsopn 1999/12/14 v2.01 operator names
)
\inf@bad=\count90
LaTeX Info: Redefining \frac on input line 210.
\uproot@=\count91
\leftroot@=\count92
LaTeX Info: Redefining \overline on input line 306.
\classnum@=\count93
\DOTSCASE@=\count94
LaTeX Info: Redefining \ldots on input line 378.
LaTeX Info: Redefining \dots on input line 381.
LaTeX Info: Redefining \cdots on input line 466.
\Mathstrutbox@=\box26
\strutbox@=\box27
\big@size=\dimen113
LaTeX Font Info:    Redeclaring font encoding OML on input line 566.
LaTeX Font Info:    Redeclaring font encoding OMS on input line 567.
\macc@depth=\count95
\c@MaxMatrixCols=\count96
\dotsspace@=\muskip10
\c@parentequation=\count97
\dspbrk@lvl=\count98
\tag@help=\toks17
\row@=\count99
\column@=\count100
\maxfields@=\count101
\andhelp@=\toks18
\eqnshift@=\dimen114
\alignsep@=\dimen115
\tagshift@=\dimen116
\tagwidth@=\dimen117
\totwidth@=\dimen118
\lineht@=\dimen119
\@envbody=\toks19
\multlinegap=\skip44
\multlinetaggap=\skip45
\mathdisplay@stack=\toks20
LaTeX Info: Redefining \[ on input line 2665.
LaTeX Info: Redefining \] on input line 2666.
)
(/usr/local/texlive/2015/texmf-dist/tex/latex/amsfonts/amssymb.sty
Package: amssymb 2013/01/14 v3.01 AMS font symbols

(/usr/local/texlive/2015/texmf-dist/tex/latex/amsfonts/amsfonts.sty
Package: amsfonts 2013/01/14 v3.01 Basic AMSFonts support
\symAMSa=\mathgroup4
\symAMSb=\mathgroup5
LaTeX Font Info:    Overwriting math alphabet `\mathfrak' in version `bold'
(Font)                  U/euf/m/n --> U/euf/b/n on input line 106.
))
(/usr/local/texlive/2015/texmf-dist/tex/latex/graphics/graphicx.sty
Package: graphicx 2014/10/28 v1.0g Enhanced LaTeX Graphics (DPC,SPQR)

(/usr/local/texlive/2015/texmf-dist/tex/latex/graphics/graphics.sty
Package: graphics 2014/10/28 v1.0p Standard LaTeX Graphics (DPC,SPQR)

(/usr/local/texlive/2015/texmf-dist/tex/latex/graphics/trig.sty
Package: trig 1999/03/16 v1.09 sin cos tan (DPC)
)
(/usr/local/texlive/2015/texmf-dist/tex/latex/latexconfig/graphics.cfg
File: graphics.cfg 2010/04/23 v1.9 graphics configuration of TeX Live
)
Package graphics Info: Driver file: pdftex.def on input line 94.

(/usr/local/texlive/2015/texmf-dist/tex/latex/pdftex-def/pdftex.def
File: pdftex.def 2011/05/27 v0.06d Graphics/color for pdfTeX

(/usr/local/texlive/2015/texmf-dist/tex/generic/oberdiek/infwarerr.sty
Package: infwarerr 2010/04/08 v1.3 Providing info/warning/error messages (HO)
)
(/usr/local/texlive/2015/texmf-dist/tex/generic/oberdiek/ltxcmds.sty
Package: ltxcmds 2011/11/09 v1.22 LaTeX kernel commands for general use (HO)
)
\Gread@gobject=\count102
))
\Gin@req@height=\dimen120
\Gin@req@width=\dimen121
)
(/usr/local/texlive/2015/texmf-dist/tex/latex/comment/comment.sty
\CommentStream=\write3

Excluding comment 'comment')
(/usr/local/texlive/2015/texmf-dist/tex/latex/mathtools/mathtools.sty
Package: mathtools 2015/05/11 v1.16 mathematical typesetting tools

(/usr/local/texlive/2015/texmf-dist/tex/latex/tools/calc.sty
Package: calc 2014/10/28 v4.3 Infix arithmetic (KKT,FJ)
\calc@Acount=\count103
\calc@Bcount=\count104
\calc@Adimen=\dimen122
\calc@Bdimen=\dimen123
\calc@Askip=\skip46
\calc@Bskip=\skip47
LaTeX Info: Redefining \setlength on input line 80.
LaTeX Info: Redefining \addtolength on input line 81.
\calc@Ccount=\count105
\calc@Cskip=\skip48
)
(/usr/local/texlive/2015/texmf-dist/tex/latex/mathtools/mhsetup.sty
Package: mhsetup 2010/01/21 v1.2a programming setup (MH)
)
LaTeX Info: Thecontrolsequence`\('isalreadyrobust on input line 129.
LaTeX Info: Thecontrolsequence`\)'isalreadyrobust on input line 129.
LaTeX Info: Thecontrolsequence`\['isalreadyrobust on input line 129.
LaTeX Info: Thecontrolsequence`\]'isalreadyrobust on input line 129.
\g_MT_multlinerow_int=\count106
\l_MT_multwidth_dim=\dimen124
\origjot=\skip49
\l_MT_shortvdotswithinadjustabove_dim=\dimen125
\l_MT_shortvdotswithinadjustbelow_dim=\dimen126
\l_MT_above_intertext_sep=\dimen127
\l_MT_below_intertext_sep=\dimen128
\l_MT_above_shortintertext_sep=\dimen129
\l_MT_below_shortintertext_sep=\dimen130
)
(/usr/local/texlive/2015/texmf-dist/tex/latex/listings/listings.sty
\lst@mode=\count107
\lst@gtempboxa=\box28
\lst@token=\toks21
\lst@length=\count108
\lst@currlwidth=\dimen131
\lst@column=\count109
\lst@pos=\count110
\lst@lostspace=\dimen132
\lst@width=\dimen133
\lst@newlines=\count111
\lst@lineno=\count112
\lst@maxwidth=\dimen134

(/usr/local/texlive/2015/texmf-dist/tex/latex/listings/lstmisc.sty
File: lstmisc.sty 2014/09/06 1.5e (Carsten Heinz)
\c@lstnumber=\count113
\lst@skipnumbers=\count114
\lst@framebox=\box29
)
(/usr/local/texlive/2015/texmf-dist/tex/latex/listings/listings.cfg
File: listings.cfg 2014/09/06 1.5e listings configuration
))
Package: listings 2014/09/06 1.5e (Carsten Heinz)

(/usr/local/texlive/2015/texmf-dist/tex/latex/float/float.sty
Package: float 2001/11/08 v1.3d Float enhancements (AL)
\c@float@type=\count115
\float@exts=\toks22
\float@box=\box30
\@float@everytoks=\toks23
\@floatcapt=\box31
)
(/usr/local/texlive/2015/texmf-dist/tex/latex/base/fixltx2e.sty
Package: fixltx2e 2015/02/21 v2.0a fixes to LaTeX (obsolete)


Package fixltx2e Warning: fixltx2e is not required with releases after 2015
(fixltx2e)                All fixes are now in the LaTeX kernel.
(fixltx2e)                See the latexrelease package for details.

) (/usr/local/texlive/2015/texmf-dist/tex/latex/caption/subcaption.sty
Package: subcaption 2013/02/03 v1.1-62 Sub-captions (AR)

(/usr/local/texlive/2015/texmf-dist/tex/latex/caption/caption.sty
Package: caption 2013/05/02 v3.3-89 Customizing captions (AR)

(/usr/local/texlive/2015/texmf-dist/tex/latex/caption/caption3.sty
Package: caption3 2013/05/02 v1.6-88 caption3 kernel (AR)
Package caption3 Info: TeX engine: e-TeX on input line 57.
\captionmargin=\dimen135
\captionmargin@=\dimen136
\captionwidth=\dimen137
\caption@tempdima=\dimen138
\caption@indent=\dimen139
\caption@parindent=\dimen140
\caption@hangindent=\dimen141
)
\c@ContinuedFloat=\count116
Package caption Info: float package is loaded.
Package caption Info: listings package is loaded.
)
\c@subfigure=\count117
\c@subtable=\count118
)
(/usr/local/texlive/2015/texmf-dist/tex/latex/oberdiek/epstopdf.sty
Package: epstopdf 2010/02/09 v2.5 Conversion with epstopdf on the fly (HO)

(/usr/local/texlive/2015/texmf-dist/tex/latex/oberdiek/epstopdf-base.sty
Package: epstopdf-base 2010/02/09 v2.5 Base part for package epstopdf

(/usr/local/texlive/2015/texmf-dist/tex/latex/oberdiek/grfext.sty
Package: grfext 2010/08/19 v1.1 Manage graphics extensions (HO)

(/usr/local/texlive/2015/texmf-dist/tex/generic/oberdiek/kvdefinekeys.sty
Package: kvdefinekeys 2011/04/07 v1.3 Define keys (HO)
))
(/usr/local/texlive/2015/texmf-dist/tex/latex/oberdiek/kvoptions.sty
Package: kvoptions 2011/06/30 v3.11 Key value format for package options (HO)

(/usr/local/texlive/2015/texmf-dist/tex/generic/oberdiek/kvsetkeys.sty
Package: kvsetkeys 2012/04/25 v1.16 Key value parser (HO)

(/usr/local/texlive/2015/texmf-dist/tex/generic/oberdiek/etexcmds.sty
Package: etexcmds 2011/02/16 v1.5 Avoid name clashes with e-TeX commands (HO)

(/usr/local/texlive/2015/texmf-dist/tex/generic/oberdiek/ifluatex.sty
Package: ifluatex 2010/03/01 v1.3 Provides the ifluatex switch (HO)
Package ifluatex Info: LuaTeX not detected.
)
Package etexcmds Info: Could not find \expanded.
(etexcmds)             That can mean that you are not using pdfTeX 1.50 or
(etexcmds)             that some package has redefined \expanded.
(etexcmds)             In the latter case, load this package earlier.
)))
(/usr/local/texlive/2015/texmf-dist/tex/generic/oberdiek/pdftexcmds.sty
Package: pdftexcmds 2011/11/29 v0.20 Utility functions of pdfTeX for LuaTeX (HO
)
Package pdftexcmds Info: LuaTeX not detected.
Package pdftexcmds Info: \pdf@primitive is available.
Package pdftexcmds Info: \pdf@ifprimitive is available.
Package pdftexcmds Info: \pdfdraftmode found.
)
Package grfext Info: Graphics extension search list:
(grfext)             [.png,.pdf,.jpg,.mps,.jpeg,.jbig2,.jb2,.PNG,.PDF,.JPG,.JPE
G,.JBIG2,.JB2,.eps]
(grfext)             \AppendGraphicsExtensions on input line 452.

(/usr/local/texlive/2015/texmf-dist/tex/latex/latexconfig/epstopdf-sys.cfg
File: epstopdf-sys.cfg 2010/07/13 v1.3 Configuration of (r)epstopdf for TeX Liv
e
)))
(./document.aux

LaTeX Warning: Label `part1:tab1' multiply defined.


LaTeX Warning: Label `part1:tab1' multiply defined.


LaTeX Warning: Label `part1:tab1' multiply defined.


LaTeX Warning: Label `part1:tab1' multiply defined.


LaTeX Warning: Label `part1:tab1' multiply defined.


LaTeX Warning: Label `part1:tab1' multiply defined.


LaTeX Warning: Label `part1:tab1' multiply defined.


LaTeX Warning: Label `part1:tab1' multiply defined.


LaTeX Warning: Label `part1:tab1' multiply defined.


LaTeX Warning: Label `part1:tab1' multiply defined.


LaTeX Warning: Label `part1:tab1' multiply defined.


LaTeX Warning: Label `part1:tab1' multiply defined.


LaTeX Warning: Label `part1:tab1' multiply defined.


LaTeX Warning: Label `part1:tab1' multiply defined.


LaTeX Warning: Label `part1:tab1' multiply defined.


LaTeX Warning: Label `part1:tab1' multiply defined.


LaTeX Warning: Label `part1:tab1' multiply defined.


LaTeX Warning: Label `part1:tab1' multiply defined.


LaTeX Warning: Label `part1:tab1' multiply defined.


LaTeX Warning: Label `part1:tab1' multiply defined.


LaTeX Warning: Label `part1:tab1' multiply defined.


LaTeX Warning: Label `part1:tab1' multiply defined.


LaTeX Warning: Label `part1:tab1' multiply defined.


LaTeX Warning: Label `part1:tab1' multiply defined.


LaTeX Warning: Label `part1:tab1' multiply defined.


LaTeX Warning: Label `part1:tab1' multiply defined.


LaTeX Warning: Label `part1:tab1' multiply defined.


LaTeX Warning: Label `part1:tab1' multiply defined.


LaTeX Warning: Label `part1:tab1' multiply defined.


LaTeX Warning: Label `part1:fig:LC' multiply defined.


LaTeX Warning: Label `sub@part1:fig:LC' multiply defined.


LaTeX Warning: Label `part1:fig:LC' multiply defined.


LaTeX Warning: Label `sub@part1:fig:LC' multiply defined.


LaTeX Warning: Label `part1:fig:LC' multiply defined.


LaTeX Warning: Label `sub@part1:fig:LC' multiply defined.


LaTeX Warning: Label `part1:fig:LC' multiply defined.


LaTeX Warning: Label `sub@part1:fig:LC' multiply defined.


LaTeX Warning: Label `part1:fig:LC' multiply defined.


LaTeX Warning: Label `sub@part1:fig:LC' multiply defined.


LaTeX Warning: Label `part1:fig' multiply defined.


LaTeX Warning: Label `part1:fig:LC' multiply defined.


LaTeX Warning: Label `sub@part1:fig:LC' multiply defined.


LaTeX Warning: Label `part1:fig:LC' multiply defined.


LaTeX Warning: Label `sub@part1:fig:LC' multiply defined.


LaTeX Warning: Label `part1:fig:LC' multiply defined.


LaTeX Warning: Label `sub@part1:fig:LC' multiply defined.


LaTeX Warning: Label `part1:fig' multiply defined.


LaTeX Warning: Label `part1:fig:LC' multiply defined.


LaTeX Warning: Label `sub@part1:fig:LC' multiply defined.


LaTeX Warning: Label `part1:fig:LC' multiply defined.


LaTeX Warning: Label `sub@part1:fig:LC' multiply defined.


LaTeX Warning: Label `part1:fig:LC' multiply defined.


LaTeX Warning: Label `sub@part1:fig:LC' multiply defined.


LaTeX Warning: Label `part1:fig' multiply defined.


LaTeX Warning: Label `part1:fig:LC' multiply defined.


LaTeX Warning: Label `sub@part1:fig:LC' multiply defined.


LaTeX Warning: Label `part1:fig:LC' multiply defined.


LaTeX Warning: Label `sub@part1:fig:LC' multiply defined.


LaTeX Warning: Label `part1:fig:LC' multiply defined.


LaTeX Warning: Label `sub@part1:fig:LC' multiply defined.


LaTeX Warning: Label `part1:fig' multiply defined.


LaTeX Warning: Label `part1:fig:LC' multiply defined.


LaTeX Warning: Label `sub@part1:fig:LC' multiply defined.


LaTeX Warning: Label `part1:fig:LC' multiply defined.


LaTeX Warning: Label `sub@part1:fig:LC' multiply defined.


LaTeX Warning: Label `part1:fig:LC' multiply defined.


LaTeX Warning: Label `sub@part1:fig:LC' multiply defined.


LaTeX Warning: Label `part1:fig' multiply defined.


LaTeX Warning: Label `part1:tab1' multiply defined.


LaTeX Warning: Label `part1:tab1' multiply defined.


LaTeX Warning: Label `part1:tab1' multiply defined.


LaTeX Warning: Label `part1:tab1' multiply defined.


LaTeX Warning: Label `part1:tab1' multiply defined.


LaTeX Warning: Label `part1:tab1' multiply defined.


LaTeX Warning: Label `part1:tab1' multiply defined.


LaTeX Warning: Label `part1:tab1' multiply defined.

)
\openout1 = `document.aux'.

LaTeX Font Info:    Checking defaults for OML/cmm/m/it on input line 19.
LaTeX Font Info:    ... okay on input line 19.
LaTeX Font Info:    Checking defaults for T1/cmr/m/n on input line 19.
LaTeX Font Info:    ... okay on input line 19.
LaTeX Font Info:    Checking defaults for OT1/cmr/m/n on input line 19.
LaTeX Font Info:    ... okay on input line 19.
LaTeX Font Info:    Checking defaults for OMS/cmsy/m/n on input line 19.
LaTeX Font Info:    ... okay on input line 19.
LaTeX Font Info:    Checking defaults for OMX/cmex/m/n on input line 19.
LaTeX Font Info:    ... okay on input line 19.
LaTeX Font Info:    Checking defaults for U/cmr/m/n on input line 19.
LaTeX Font Info:    ... okay on input line 19.

*geometry* driver: auto-detecting
*geometry* detected driver: pdftex
*geometry* verbose mode - [ preamble ] result:
* driver: pdftex
* paper: <default>
* layout: <same size as paper>
* layoutoffset:(h,v)=(0.0pt,0.0pt)
* modes: 
* h-part:(L,W,R)=(72.26999pt, 469.75502pt, 72.26999pt)
* v-part:(T,H,B)=(72.26999pt, 650.43001pt, 72.26999pt)
* \paperwidth=614.295pt
* \paperheight=794.96999pt
* \textwidth=469.75502pt
* \textheight=650.43001pt
* \oddsidemargin=0.0pt
* \evensidemargin=0.0pt
* \topmargin=-37.0pt
* \headheight=12.0pt
* \headsep=25.0pt
* \topskip=12.0pt
* \footskip=30.0pt
* \marginparwidth=44.0pt
* \marginparsep=10.0pt
* \columnsep=10.0pt
* \skip\footins=10.8pt plus 4.0pt minus 2.0pt
* \hoffset=0.0pt
* \voffset=0.0pt
* \mag=1000
* \@twocolumnfalse
* \@twosidefalse
* \@mparswitchfalse
* \@reversemarginfalse
* (1in=72.27pt=25.4mm, 1cm=28.453pt)

(/usr/local/texlive/2015/texmf-dist/tex/context/base/supp-pdf.mkii
[Loading MPS to PDF converter (version 2006.09.02).]
\scratchcounter=\count119
\scratchdimen=\dimen142
\scratchbox=\box32
\nofMPsegments=\count120
\nofMParguments=\count121
\everyMPshowfont=\toks24
\MPscratchCnt=\count122
\MPscratchDim=\dimen143
\MPnumerator=\count123
\makeMPintoPDFobject=\count124
\everyMPtoPDFconversion=\toks25
)
\c@lstlisting=\count125
Package caption Info: Begin \AtBeginDocument code.
Package caption Info: End \AtBeginDocument code.
LaTeX Font Info:    Try loading font information for U+msa on input line 21.
 (/usr/local/texlive/2015/texmf-dist/tex/latex/amsfonts/umsa.fd
File: umsa.fd 2013/01/14 v3.01 AMS symbols A
)
LaTeX Font Info:    Try loading font information for U+msb on input line 21.

(/usr/local/texlive/2015/texmf-dist/tex/latex/amsfonts/umsb.fd
File: umsb.fd 2013/01/14 v3.01 AMS symbols B
)

LaTeX Warning: `!h' float specifier changed to `!ht'.


LaTeX Warning: `!h' float specifier changed to `!ht'.


LaTeX Warning: `!h' float specifier changed to `!ht'.


LaTeX Warning: `!h' float specifier changed to `!ht'.


LaTeX Warning: `!h' float specifier changed to `!ht'.


LaTeX Warning: `!h' float specifier changed to `!ht'.

<figures/1_NFL_histogram.jpeg, id=1, 803.0pt x 602.25pt>
File: figures/1_NFL_histogram.jpeg Graphic file (type jpg)

<use figures/1_NFL_histogram.jpeg>
Package pdftex.def Info: figures/1_NFL_histogram.jpeg used on input line 120.
(pdftex.def)             Requested size: 211.38832pt x 158.53868pt.

<figures/1_SuperBowl_histogram.jpeg, id=2, 803.0pt x 602.25pt>
File: figures/1_SuperBowl_histogram.jpeg Graphic file (type jpg)

<use figures/1_SuperBowl_histogram.jpeg>
Package pdftex.def Info: figures/1_SuperBowl_histogram.jpeg used on input line 
128.
(pdftex.def)             Requested size: 211.38832pt x 158.53868pt.
 [1

{/usr/local/texlive/2015/texmf-var/fonts/map/pdftex/updmap/pdftex.map}]
Overfull \vbox (129.70801pt too high) has occurred while \output is active []


[2 <./figures/1_NFL_histogram.jpeg> <./figures/1_SuperBowl_histogram.jpeg>]
[3] [4] [5] [6] [7] [8] [9] [10] [11]
<figures/count_vs_sum_tweets_gohawks.png, id=44, 578.16pt x 433.62pt>
File: figures/count_vs_sum_tweets_gohawks.png Graphic file (type png)

<use figures/count_vs_sum_tweets_gohawks.png>
Package pdftex.def Info: figures/count_vs_sum_tweets_gohawks.png used on input 
line 608.
(pdftex.def)             Requested size: 211.38832pt x 158.53795pt.

<figures/count_vs_n_users_tweets_gohawks.png, id=46, 578.16pt x 433.62pt>
File: figures/count_vs_n_users_tweets_gohawks.png Graphic file (type png)

<use figures/count_vs_n_users_tweets_gohawks.png>
Package pdftex.def Info: figures/count_vs_n_users_tweets_gohawks.png used on in
put line 615.
(pdftex.def)             Requested size: 211.38832pt x 158.53795pt.

<figures/count_vs_n_len_100_tweets_gohawks.png, id=47, 578.16pt x 433.62pt>
File: figures/count_vs_n_len_100_tweets_gohawks.png Graphic file (type png)

<use figures/count_vs_n_len_100_tweets_gohawks.png>
Package pdftex.def Info: figures/count_vs_n_len_100_tweets_gohawks.png used on 
input line 621.
(pdftex.def)             Requested size: 211.38832pt x 158.53795pt.
 [12]
<figures/count_vs_sum_tweets_gopatriots.png, id=51, 578.16pt x 433.62pt>
File: figures/count_vs_sum_tweets_gopatriots.png Graphic file (type png)

<use figures/count_vs_sum_tweets_gopatriots.png>
Package pdftex.def Info: figures/count_vs_sum_tweets_gopatriots.png used on inp
ut line 635.
(pdftex.def)             Requested size: 211.38832pt x 158.53795pt.

<figures/count_vs_n_users_tweets_gopatriots.png, id=52, 578.16pt x 433.62pt>
File: figures/count_vs_n_users_tweets_gopatriots.png Graphic file (type png)

<use figures/count_vs_n_users_tweets_gopatriots.png>
Package pdftex.def Info: figures/count_vs_n_users_tweets_gopatriots.png used on
 input line 642.
(pdftex.def)             Requested size: 211.38832pt x 158.53795pt.

<figures/count_vs_n_len_100_tweets_gopatriots.png, id=53, 578.16pt x 433.62pt>
File: figures/count_vs_n_len_100_tweets_gopatriots.png Graphic file (type png)

<use figures/count_vs_n_len_100_tweets_gopatriots.png>
Package pdftex.def Info: figures/count_vs_n_len_100_tweets_gopatriots.png used 
on input line 648.
(pdftex.def)             Requested size: 211.38832pt x 158.53795pt.
 [13 <./figures/count_vs_sum_tweets_gohawks.png> <./figures/count_vs_n_users_tw
eets_gohawks.png> <./figures/count_vs_n_len_100_tweets_gohawks.png>]
<figures/count_vs_sum_tweets_nfl.png, id=61, 578.16pt x 433.62pt>
File: figures/count_vs_sum_tweets_nfl.png Graphic file (type png)

<use figures/count_vs_sum_tweets_nfl.png>
Package pdftex.def Info: figures/count_vs_sum_tweets_nfl.png used on input line
 663.
(pdftex.def)             Requested size: 211.38832pt x 158.53795pt.

<figures/count_vs_n_users_tweets_nfl.png, id=62, 578.16pt x 433.62pt>
File: figures/count_vs_n_users_tweets_nfl.png Graphic file (type png)

<use figures/count_vs_n_users_tweets_nfl.png>
Package pdftex.def Info: figures/count_vs_n_users_tweets_nfl.png used on input 
line 670.
(pdftex.def)             Requested size: 211.38832pt x 158.53795pt.

<figures/count_vs_n_len_100_tweets_nfl.png, id=63, 578.16pt x 433.62pt>
File: figures/count_vs_n_len_100_tweets_nfl.png Graphic file (type png)

<use figures/count_vs_n_len_100_tweets_nfl.png>
Package pdftex.def Info: figures/count_vs_n_len_100_tweets_nfl.png used on inpu
t line 676.
(pdftex.def)             Requested size: 211.38832pt x 158.53795pt.
 [14 <./figures/count_vs_sum_tweets_gopatriots.png> <./figures/count_vs_n_users
_tweets_gopatriots.png> <./figures/count_vs_n_len_100_tweets_gopatriots.png>]
<figures/count_vs_sum_tweets_patriots.png, id=70, 578.16pt x 433.62pt>
File: figures/count_vs_sum_tweets_patriots.png Graphic file (type png)

<use figures/count_vs_sum_tweets_patriots.png>
Package pdftex.def Info: figures/count_vs_sum_tweets_patriots.png used on input
 line 691.
(pdftex.def)             Requested size: 211.38832pt x 158.53795pt.

<figures/count_vs_n_users_tweets_patriots.png, id=71, 578.16pt x 433.62pt>
File: figures/count_vs_n_users_tweets_patriots.png Graphic file (type png)

<use figures/count_vs_n_users_tweets_patriots.png>
Package pdftex.def Info: figures/count_vs_n_users_tweets_patriots.png used on i
nput line 698.
(pdftex.def)             Requested size: 211.38832pt x 158.53795pt.

<figures/count_vs_n_len_100_tweets_patriots.png, id=72, 578.16pt x 433.62pt>
File: figures/count_vs_n_len_100_tweets_patriots.png Graphic file (type png)

<use figures/count_vs_n_len_100_tweets_patriots.png>
Package pdftex.def Info: figures/count_vs_n_len_100_tweets_patriots.png used on
 input line 704.
(pdftex.def)             Requested size: 211.38832pt x 158.53795pt.
 [15 <./figures/count_vs_sum_tweets_nfl.png> <./figures/count_vs_n_users_tweets
_nfl.png> <./figures/count_vs_n_len_100_tweets_nfl.png>]
<figures/count_vs_sum_tweets_sb49.png, id=79, 578.16pt x 433.62pt>
File: figures/count_vs_sum_tweets_sb49.png Graphic file (type png)

<use figures/count_vs_sum_tweets_sb49.png>
Package pdftex.def Info: figures/count_vs_sum_tweets_sb49.png used on input lin
e 719.
(pdftex.def)             Requested size: 211.38832pt x 158.53795pt.

<figures/count_vs_n_users_tweets_sb49.png, id=80, 578.16pt x 433.62pt>
File: figures/count_vs_n_users_tweets_sb49.png Graphic file (type png)

<use figures/count_vs_n_users_tweets_sb49.png>
Package pdftex.def Info: figures/count_vs_n_users_tweets_sb49.png used on input
 line 726.
(pdftex.def)             Requested size: 211.38832pt x 158.53795pt.

<figures/count_vs_n_len_100_tweets_sb49.png, id=81, 578.16pt x 433.62pt>
File: figures/count_vs_n_len_100_tweets_sb49.png Graphic file (type png)

<use figures/count_vs_n_len_100_tweets_sb49.png>
Package pdftex.def Info: figures/count_vs_n_len_100_tweets_sb49.png used on inp
ut line 732.
(pdftex.def)             Requested size: 211.38832pt x 158.53795pt.
 [16 <./figures/count_vs_sum_tweets_patriots.png> <./figures/count_vs_n_users_t
weets_patriots.png> <./figures/count_vs_n_len_100_tweets_patriots.png>]
<figures/count_vs_sum_tweets_superbowl.png, id=88, 578.16pt x 433.62pt>
File: figures/count_vs_sum_tweets_superbowl.png Graphic file (type png)

<use figures/count_vs_sum_tweets_superbowl.png>
Package pdftex.def Info: figures/count_vs_sum_tweets_superbowl.png used on inpu
t line 746.
(pdftex.def)             Requested size: 211.38832pt x 158.53795pt.

<figures/count_vs_n_users_tweets_superbowl.png, id=89, 578.16pt x 433.62pt>
File: figures/count_vs_n_users_tweets_superbowl.png Graphic file (type png)

<use figures/count_vs_n_users_tweets_superbowl.png>
Package pdftex.def Info: figures/count_vs_n_users_tweets_superbowl.png used on 
input line 753.
(pdftex.def)             Requested size: 211.38832pt x 158.53795pt.

<figures/count_vs_n_len_100_tweets_superbowl.png, id=90, 578.16pt x 433.62pt>
File: figures/count_vs_n_len_100_tweets_superbowl.png Graphic file (type png)

<use figures/count_vs_n_len_100_tweets_superbowl.png>
Package pdftex.def Info: figures/count_vs_n_len_100_tweets_superbowl.png used o
n input line 759.
(pdftex.def)             Requested size: 211.38832pt x 158.53795pt.
 [17 <./figures/count_vs_sum_tweets_sb49.png> <./figures/count_vs_n_users_tweet
s_sb49.png> <./figures/count_vs_n_len_100_tweets_sb49.png>] [18 <./figures/coun
t_vs_sum_tweets_superbowl.png> <./figures/count_vs_n_users_tweets_superbowl.png
> <./figures/count_vs_n_len_100_tweets_superbowl.png>] [19] [20] [21] (./docume
nt.aux)

LaTeX Warning: There were multiply-defined labels.

 ) 
Here is how much of TeX's memory you used:
 5878 strings out of 493089
 91449 string characters out of 6134842
 167686 words of memory out of 5000000
 9263 multiletter control sequences out of 15000+600000
 12396 words of font info for 48 fonts, out of 8000000 for 9000
 1141 hyphenation exceptions out of 8191
 42i,11n,40p,965b,457s stack positions out of 5000i,500n,10000p,200000b,80000s
</usr/local/texlive/2015/texmf-dist/fonts/type1/public/amsfonts/cm/cmbx12.pfb
></usr/local/texlive/2015/texmf-dist/fonts/type1/public/amsfonts/cm/cmr10.pfb><
/usr/local/texlive/2015/texmf-dist/fonts/type1/public/amsfonts/cm/cmr12.pfb></u
sr/local/texlive/2015/texmf-dist/fonts/type1/public/amsfonts/cm/cmr17.pfb></usr
/local/texlive/2015/texmf-dist/fonts/type1/public/amsfonts/cm/cmr8.pfb>
Output written on document.pdf (21 pages, 510180 bytes).
PDF statistics:
 131 PDF objects out of 1000 (max. 8388607)
 64 compressed objects within 1 object stream
 0 named destinations out of 1000 (max. 500000)
 101 words of extra memory for PDF output out of 10000 (max. 10000000)

